2025-04-04 06:45:32.573188 - Received CBT.V508.FILE252.PDS from FILE252.XMI 
2025-04-04 06:45:32.575381 - Found $$$#DATE.txt (text/plain) in CBT.V508.FILE252.PDS, moved to PDS/$$$#DATE
2025-04-04 06:45:32.575537 - Found $$$DOC.txt (text/plain) in CBT.V508.FILE252.PDS, moved to PDS/$$$DOC
2025-04-04 06:45:32.575674 - Found $#DOC.txt (text/plain) in CBT.V508.FILE252.PDS, moved to PDS/$#DOC
2025-04-04 06:45:32.575811 - Found @FILE252.txt (text/plain) in CBT.V508.FILE252.PDS, moved to PDS/@FILE252
2025-04-04 06:45:32.575939 - Found ABENDWTO.jcl (text/plain) in CBT.V508.FILE252.PDS, moved to PDS/ABENDWTO
2025-04-04 06:45:32.576082 - Found ABINDEX.jcl (text/plain) in CBT.V508.FILE252.PDS, moved to PDS/ABINDEX
2025-04-04 06:45:32.576215 - Found ASREXIT.jcl (text/plain) in CBT.V508.FILE252.PDS, moved to PDS/ASREXIT
2025-04-04 06:45:32.576335 - Found B2C.jcl (text/plain) in CBT.V508.FILE252.PDS, moved to PDS/B2C
2025-04-04 06:45:32.576447 - Found CATEDIT.jcl (text/plain) in CBT.V508.FILE252.PDS, moved to PDS/CATEDIT
2025-04-04 06:45:32.576565 - Found CCSCANSP.jcl (text/plain) in CBT.V508.FILE252.PDS, moved to PDS/CCSCANSP
2025-04-04 06:45:32.576687 - Found CCSCANSQ.jcl (text/plain) in CBT.V508.FILE252.PDS, moved to PDS/CCSCANSQ
2025-04-04 06:45:32.576800 - Found CDRSDASD.jcl (text/plain) in CBT.V508.FILE252.PDS, moved to PDS/CDRSDASD
2025-04-04 06:45:32.576908 - Found DATACLAS.txt (text/plain) in CBT.V508.FILE252.PDS, moved to PDS/DATACLAS
2025-04-04 06:45:32.577023 - Found DATACLSO.txt (text/plain) in CBT.V508.FILE252.PDS, moved to PDS/DATACLSO
2025-04-04 06:45:32.577155 - Found DSAOPT.txt (text/plain) in CBT.V508.FILE252.PDS, moved to PDS/DSAOPT
2025-04-04 06:45:32.577291 - Found DSATOPMA.txt (text/plain) in CBT.V508.FILE252.PDS, moved to PDS/DSATOPMA
2025-04-04 06:45:32.577437 - Found DYNADSN.jcl (text/plain) in CBT.V508.FILE252.PDS, moved to PDS/DYNADSN
2025-04-04 06:45:32.577553 - Found FDSCAN.jcl (text/plain) in CBT.V508.FILE252.PDS, moved to PDS/FDSCAN
2025-04-04 06:45:32.577668 - Found FREEALL.jcl (text/plain) in CBT.V508.FILE252.PDS, moved to PDS/FREEALL
2025-04-04 06:45:32.577786 - Found GRSUSER.jcl (text/plain) in CBT.V508.FILE252.PDS, moved to PDS/GRSUSER
2025-04-04 06:45:32.577917 - Found ICHRDSNT.jcl (text/plain) in CBT.V508.FILE252.PDS, moved to PDS/ICHRDSNT
2025-04-04 06:45:32.578032 - Found ICHRFR01.jcl (text/plain) in CBT.V508.FILE252.PDS, moved to PDS/ICHRFR01
2025-04-04 06:45:32.578142 - Found ICHRIN03.jcl (text/plain) in CBT.V508.FILE252.PDS, moved to PDS/ICHRIN03
2025-04-04 06:45:32.578266 - Found ICHRRCDE.jcl (text/plain) in CBT.V508.FILE252.PDS, moved to PDS/ICHRRCDE
2025-04-04 06:45:32.578391 - Found ICHSECOP.jcl (text/plain) in CBT.V508.FILE252.PDS, moved to PDS/ICHSECOP
2025-04-04 06:45:32.578531 - Found IGDACSDC.jcl (text/plain) in CBT.V508.FILE252.PDS, moved to PDS/IGDACSDC
2025-04-04 06:45:32.578663 - Found IGDACSMC.jcl (text/plain) in CBT.V508.FILE252.PDS, moved to PDS/IGDACSMC
2025-04-04 06:45:32.578788 - Found ISPDCNCT.jcl (text/plain) in CBT.V508.FILE252.PDS, moved to PDS/ISPDCNCT
2025-04-04 06:45:32.578904 - Found JARACCTC.txt (text/plain) in CBT.V508.FILE252.PDS, moved to PDS/JARACCTC
2025-04-04 06:45:32.579015 - Found JAXXA01.txt (text/plain) in CBT.V508.FILE252.PDS, moved to PDS/JAXXA01
2025-04-04 06:45:32.579129 - Found JESEXIT3.jcl (text/plain) in CBT.V508.FILE252.PDS, moved to PDS/JESEXIT3
2025-04-04 06:45:32.579249 - Found JSDPX01.txt (text/plain) in CBT.V508.FILE252.PDS, moved to PDS/JSDPX01
2025-04-04 06:45:32.579378 - Found JSIXT03A.txt (text/plain) in CBT.V508.FILE252.PDS, moved to PDS/JSIXT03A
2025-04-04 06:45:32.579507 - Found MGMTCLAS.txt (text/plain) in CBT.V508.FILE252.PDS, moved to PDS/MGMTCLAS
2025-04-04 06:45:32.579618 - Found MGMTCLSO.txt (text/plain) in CBT.V508.FILE252.PDS, moved to PDS/MGMTCLSO
2025-04-04 06:45:32.579730 - Found PDSTOSEQ.jcl (text/plain) in CBT.V508.FILE252.PDS, moved to PDS/PDSTOSEQ
2025-04-04 06:45:32.579844 - Found POLLDOWN.jcl (text/plain) in CBT.V508.FILE252.PDS, moved to PDS/POLLDOWN
2025-04-04 06:45:32.579965 - Found PRODXASM.jcl (text/plain) in CBT.V508.FILE252.PDS, moved to PDS/PRODXASM
2025-04-04 06:45:32.580074 - Found RACFUSER.jcl (text/plain) in CBT.V508.FILE252.PDS, moved to PDS/RACFUSER
2025-04-04 06:45:32.580185 - Found RACFUSR1.jcl (text/plain) in CBT.V508.FILE252.PDS, moved to PDS/RACFUSR1
2025-04-04 06:45:32.580292 - Found SLEEPSRC.jcl (text/plain) in CBT.V508.FILE252.PDS, moved to PDS/SLEEPSRC
2025-04-04 06:45:32.580407 - Found SMFUJI.jcl (text/plain) in CBT.V508.FILE252.PDS, moved to PDS/SMFUJI
2025-04-04 06:45:32.580539 - Found SMFUSI.jcl (text/plain) in CBT.V508.FILE252.PDS, moved to PDS/SMFUSI
2025-04-04 06:45:32.580675 - Found STOPX37A.jcl (text/plain) in CBT.V508.FILE252.PDS, moved to PDS/STOPX37A
2025-04-04 06:45:32.580802 - Found STOPX37B.jcl (text/plain) in CBT.V508.FILE252.PDS, moved to PDS/STOPX37B
2025-04-04 06:45:32.580912 - Found STORCLAS.txt (text/plain) in CBT.V508.FILE252.PDS, moved to PDS/STORCLAS
2025-04-04 06:45:32.581024 - Found STORCLSO.txt (text/plain) in CBT.V508.FILE252.PDS, moved to PDS/STORCLSO
2025-04-04 06:45:32.581149 - Found STORGRP.txt (text/plain) in CBT.V508.FILE252.PDS, moved to PDS/STORGRP
2025-04-04 06:45:32.581257 - Found STORGRPM.txt (text/plain) in CBT.V508.FILE252.PDS, moved to PDS/STORGRPM
2025-04-04 06:45:32.581363 - Found STORGRPO.txt (text/plain) in CBT.V508.FILE252.PDS, moved to PDS/STORGRPO
2025-04-04 06:45:32.581475 - Found STORGRPT.txt (text/plain) in CBT.V508.FILE252.PDS, moved to PDS/STORGRPT
2025-04-04 06:45:32.581591 - Found STORGRPX.txt (text/plain) in CBT.V508.FILE252.PDS, moved to PDS/STORGRPX
2025-04-04 06:45:32.581699 - Found TIMEOUT.jcl (text/plain) in CBT.V508.FILE252.PDS, moved to PDS/TIMEOUT
2025-04-04 06:45:32.581808 - Found VMFCLEAR.jcl (text/plain) in CBT.V508.FILE252.PDS, moved to PDS/VMFCLEAR
2025-04-04 06:45:32.581924 - Found WDUMPSRC.jcl (text/plain) in CBT.V508.FILE252.PDS, moved to PDS/WDUMPSRC
2025-04-04 06:45:32.582034 - Found WRESTSRC.jcl (text/plain) in CBT.V508.FILE252.PDS, moved to PDS/WRESTSRC
2025-04-04 06:45:32.582147 - Found XCOMCOMM.jcl (text/plain) in CBT.V508.FILE252.PDS, moved to PDS/XCOMCOMM
2025-04-04 06:45:32.582257 - Found XDSLSRC.jcl (text/plain) in CBT.V508.FILE252.PDS, moved to PDS/XDSLSRC
2025-04-04 06:45:32.582369 - Found XLIBALLD.jcl (text/plain) in CBT.V508.FILE252.PDS, moved to PDS/XLIBALLD
2025-04-04 06:45:32.582478 - Found XLIBALLS.jcl (text/plain) in CBT.V508.FILE252.PDS, moved to PDS/XLIBALLS
2025-04-04 06:45:32.582591 - Found XLIBMEML.jcl (text/plain) in CBT.V508.FILE252.PDS, moved to PDS/XLIBMEML
2025-04-04 06:45:32.582715 - Found XLIBMEMX.jcl (text/plain) in CBT.V508.FILE252.PDS, moved to PDS/XLIBMEMX
